<?xml version="1.0" encoding="UTF-8"?>
<testsuite xmlns:xsi="http://www.w3.org/2001/XMLSchema-instance" xsi:noNamespaceSchemaLocation="https://maven.apache.org/surefire/maven-surefire-plugin/xsd/surefire-test-report.xsd" name="e2e.Genity.runner.runner" time="7.948" tests="6" errors="2" skipped="2" failures="0">
  <properties>
    <property name="sun.desktop" value="gnome"/>
    <property name="awt.toolkit" value="sun.awt.X11.XToolkit"/>
    <property name="file.encoding.pkg" value="sun.io"/>
    <property name="java.specification.version" value="1.8"/>
    <property name="sun.cpu.isalist" value=""/>
    <property name="sun.jnu.encoding" value="UTF-8"/>
    <property name="java.class.path" value="/home/rajkumar.kumundan/git/Geneity/target/test-classes:/home/rajkumar.kumundan/git/Geneity/target/classes:/home/rajkumar.kumundan/.m2/repository/org/hamcrest/hamcrest-library/1.3/hamcrest-library-1.3.jar:/home/rajkumar.kumundan/.m2/repository/org/hamcrest/hamcrest-core/1.3/hamcrest-core-1.3.jar:/home/rajkumar.kumundan/.m2/repository/junit/junit/4.11/junit-4.11.jar:/home/rajkumar.kumundan/.m2/repository/org/apache/maven/plugins/maven-compiler-plugin/3.7.0/maven-compiler-plugin-3.7.0.jar:/home/rajkumar.kumundan/.m2/repository/org/apache/maven/maven-plugin-api/3.0/maven-plugin-api-3.0.jar:/home/rajkumar.kumundan/.m2/repository/org/apache/maven/maven-model/3.0/maven-model-3.0.jar:/home/rajkumar.kumundan/.m2/repository/org/sonatype/sisu/sisu-inject-plexus/1.4.2/sisu-inject-plexus-1.4.2.jar:/home/rajkumar.kumundan/.m2/repository/org/sonatype/sisu/sisu-inject-bean/1.4.2/sisu-inject-bean-1.4.2.jar:/home/rajkumar.kumundan/.m2/repository/org/sonatype/sisu/sisu-guice/2.1.7/sisu-guice-2.1.7-noaop.jar:/home/rajkumar.kumundan/.m2/repository/org/apache/maven/maven-artifact/3.0/maven-artifact-3.0.jar:/home/rajkumar.kumundan/.m2/repository/org/codehaus/plexus/plexus-utils/2.0.4/plexus-utils-2.0.4.jar:/home/rajkumar.kumundan/.m2/repository/org/apache/maven/maven-core/3.0/maven-core-3.0.jar:/home/rajkumar.kumundan/.m2/repository/org/apache/maven/maven-settings/3.0/maven-settings-3.0.jar:/home/rajkumar.kumundan/.m2/repository/org/apache/maven/maven-settings-builder/3.0/maven-settings-builder-3.0.jar:/home/rajkumar.kumundan/.m2/repository/org/apache/maven/maven-repository-metadata/3.0/maven-repository-metadata-3.0.jar:/home/rajkumar.kumundan/.m2/repository/org/apache/maven/maven-model-builder/3.0/maven-model-builder-3.0.jar:/home/rajkumar.kumundan/.m2/repository/org/apache/maven/maven-aether-provider/3.0/maven-aether-provider-3.0.jar:/home/rajkumar.kumundan/.m2/repository/org/sonatype/aether/aether-impl/1.7/aether-impl-1.7.jar:/home/rajkumar.kumundan/.m2/repository/org/sonatype/aether/aether-spi/1.7/aether-spi-1.7.jar:/home/rajkumar.kumundan/.m2/repository/org/sonatype/aether/aether-api/1.7/aether-api-1.7.jar:/home/rajkumar.kumundan/.m2/repository/org/sonatype/aether/aether-util/1.7/aether-util-1.7.jar:/home/rajkumar.kumundan/.m2/repository/org/codehaus/plexus/plexus-interpolation/1.14/plexus-interpolation-1.14.jar:/home/rajkumar.kumundan/.m2/repository/org/codehaus/plexus/plexus-classworlds/2.2.3/plexus-classworlds-2.2.3.jar:/home/rajkumar.kumundan/.m2/repository/org/codehaus/plexus/plexus-component-annotations/1.5.5/plexus-component-annotations-1.5.5.jar:/home/rajkumar.kumundan/.m2/repository/org/sonatype/plexus/plexus-sec-dispatcher/1.3/plexus-sec-dispatcher-1.3.jar:/home/rajkumar.kumundan/.m2/repository/org/sonatype/plexus/plexus-cipher/1.4/plexus-cipher-1.4.jar:/home/rajkumar.kumundan/.m2/repository/org/apache/maven/shared/maven-shared-utils/3.1.0/maven-shared-utils-3.1.0.jar:/home/rajkumar.kumundan/.m2/repository/commons-io/commons-io/2.5/commons-io-2.5.jar:/home/rajkumar.kumundan/.m2/repository/org/apache/maven/shared/maven-shared-incremental/1.1/maven-shared-incremental-1.1.jar:/home/rajkumar.kumundan/.m2/repository/org/codehaus/plexus/plexus-java/0.9.2/plexus-java-0.9.2.jar:/home/rajkumar.kumundan/.m2/repository/org/ow2/asm/asm/6.0_BETA/asm-6.0_BETA.jar:/home/rajkumar.kumundan/.m2/repository/com/thoughtworks/qdox/qdox/2.0-M7/qdox-2.0-M7.jar:/home/rajkumar.kumundan/.m2/repository/org/codehaus/plexus/plexus-compiler-api/2.8.2/plexus-compiler-api-2.8.2.jar:/home/rajkumar.kumundan/.m2/repository/org/codehaus/plexus/plexus-compiler-manager/2.8.2/plexus-compiler-manager-2.8.2.jar:/home/rajkumar.kumundan/.m2/repository/org/codehaus/plexus/plexus-compiler-javac/2.8.2/plexus-compiler-javac-2.8.2.jar:/home/rajkumar.kumundan/.m2/repository/org/seleniumhq/selenium/selenium-java/3.12.0/selenium-java-3.12.0.jar:/home/rajkumar.kumundan/.m2/repository/org/seleniumhq/selenium/selenium-api/3.12.0/selenium-api-3.12.0.jar:/home/rajkumar.kumundan/.m2/repository/org/seleniumhq/selenium/selenium-chrome-driver/3.12.0/selenium-chrome-driver-3.12.0.jar:/home/rajkumar.kumundan/.m2/repository/org/seleniumhq/selenium/selenium-edge-driver/3.12.0/selenium-edge-driver-3.12.0.jar:/home/rajkumar.kumundan/.m2/repository/org/seleniumhq/selenium/selenium-firefox-driver/3.12.0/selenium-firefox-driver-3.12.0.jar:/home/rajkumar.kumundan/.m2/repository/org/seleniumhq/selenium/selenium-ie-driver/3.12.0/selenium-ie-driver-3.12.0.jar:/home/rajkumar.kumundan/.m2/repository/org/seleniumhq/selenium/selenium-opera-driver/3.12.0/selenium-opera-driver-3.12.0.jar:/home/rajkumar.kumundan/.m2/repository/org/seleniumhq/selenium/selenium-remote-driver/3.12.0/selenium-remote-driver-3.12.0.jar:/home/rajkumar.kumundan/.m2/repository/org/seleniumhq/selenium/selenium-safari-driver/3.12.0/selenium-safari-driver-3.12.0.jar:/home/rajkumar.kumundan/.m2/repository/org/seleniumhq/selenium/selenium-support/3.12.0/selenium-support-3.12.0.jar:/home/rajkumar.kumundan/.m2/repository/net/bytebuddy/byte-buddy/1.8.3/byte-buddy-1.8.3.jar:/home/rajkumar.kumundan/.m2/repository/org/apache/commons/commons-exec/1.3/commons-exec-1.3.jar:/home/rajkumar.kumundan/.m2/repository/commons-codec/commons-codec/1.10/commons-codec-1.10.jar:/home/rajkumar.kumundan/.m2/repository/commons-logging/commons-logging/1.2/commons-logging-1.2.jar:/home/rajkumar.kumundan/.m2/repository/com/google/code/gson/gson/2.8.2/gson-2.8.2.jar:/home/rajkumar.kumundan/.m2/repository/com/google/guava/guava/23.6-jre/guava-23.6-jre.jar:/home/rajkumar.kumundan/.m2/repository/com/google/code/findbugs/jsr305/1.3.9/jsr305-1.3.9.jar:/home/rajkumar.kumundan/.m2/repository/org/checkerframework/checker-compat-qual/2.0.0/checker-compat-qual-2.0.0.jar:/home/rajkumar.kumundan/.m2/repository/com/google/errorprone/error_prone_annotations/2.1.3/error_prone_annotations-2.1.3.jar:/home/rajkumar.kumundan/.m2/repository/com/google/j2objc/j2objc-annotations/1.1/j2objc-annotations-1.1.jar:/home/rajkumar.kumundan/.m2/repository/org/codehaus/mojo/animal-sniffer-annotations/1.14/animal-sniffer-annotations-1.14.jar:/home/rajkumar.kumundan/.m2/repository/org/apache/httpcomponents/httpclient/4.5.3/httpclient-4.5.3.jar:/home/rajkumar.kumundan/.m2/repository/org/apache/httpcomponents/httpcore/4.4.6/httpcore-4.4.6.jar:/home/rajkumar.kumundan/.m2/repository/com/squareup/okhttp3/okhttp/3.9.1/okhttp-3.9.1.jar:/home/rajkumar.kumundan/.m2/repository/com/squareup/okio/okio/1.13.0/okio-1.13.0.jar:/home/rajkumar.kumundan/.m2/repository/info/cukes/cucumber-html/0.2.3/cucumber-html-0.2.3.jar:/home/rajkumar.kumundan/.m2/repository/info/cukes/cucumber-java/1.2.5/cucumber-java-1.2.5.jar:/home/rajkumar.kumundan/.m2/repository/info/cukes/cucumber-junit/1.2.5/cucumber-junit-1.2.5.jar:/home/rajkumar.kumundan/.m2/repository/info/cukes/cucumber-core/1.2.5/cucumber-core-1.2.5.jar:/home/rajkumar.kumundan/.m2/repository/info/cukes/cucumber-jvm-deps/1.0.5/cucumber-jvm-deps-1.0.5.jar:/home/rajkumar.kumundan/.m2/repository/info/cukes/gherkin/2.12.2/gherkin-2.12.2.jar:"/>
    <property name="java.vm.vendor" value="Oracle Corporation"/>
    <property name="sun.arch.data.model" value="64"/>
    <property name="java.vendor.url" value="http://java.oracle.com/"/>
    <property name="user.timezone" value=""/>
    <property name="java.vm.specification.version" value="1.8"/>
    <property name="os.name" value="Linux"/>
    <property name="user.country" value="GB"/>
    <property name="sun.java.launcher" value="SUN_STANDARD"/>
    <property name="sun.boot.library.path" value="/usr/lib/jvm/java-8-oracle/jre/lib/amd64"/>
    <property name="sun.java.command" value="/home/rajkumar.kumundan/git/Geneity/target/surefire/surefirebooter1062006844678783492.jar /home/rajkumar.kumundan/git/Geneity/target/surefire 2018-08-23T14-21-53_156-jvmRun1 surefire2332180610103928564tmp surefire_04131793580717312932tmp"/>
    <property name="surefire.test.class.path" value="/home/rajkumar.kumundan/git/Geneity/target/test-classes:/home/rajkumar.kumundan/git/Geneity/target/classes:/home/rajkumar.kumundan/.m2/repository/org/hamcrest/hamcrest-library/1.3/hamcrest-library-1.3.jar:/home/rajkumar.kumundan/.m2/repository/org/hamcrest/hamcrest-core/1.3/hamcrest-core-1.3.jar:/home/rajkumar.kumundan/.m2/repository/junit/junit/4.11/junit-4.11.jar:/home/rajkumar.kumundan/.m2/repository/org/apache/maven/plugins/maven-compiler-plugin/3.7.0/maven-compiler-plugin-3.7.0.jar:/home/rajkumar.kumundan/.m2/repository/org/apache/maven/maven-plugin-api/3.0/maven-plugin-api-3.0.jar:/home/rajkumar.kumundan/.m2/repository/org/apache/maven/maven-model/3.0/maven-model-3.0.jar:/home/rajkumar.kumundan/.m2/repository/org/sonatype/sisu/sisu-inject-plexus/1.4.2/sisu-inject-plexus-1.4.2.jar:/home/rajkumar.kumundan/.m2/repository/org/sonatype/sisu/sisu-inject-bean/1.4.2/sisu-inject-bean-1.4.2.jar:/home/rajkumar.kumundan/.m2/repository/org/sonatype/sisu/sisu-guice/2.1.7/sisu-guice-2.1.7-noaop.jar:/home/rajkumar.kumundan/.m2/repository/org/apache/maven/maven-artifact/3.0/maven-artifact-3.0.jar:/home/rajkumar.kumundan/.m2/repository/org/codehaus/plexus/plexus-utils/2.0.4/plexus-utils-2.0.4.jar:/home/rajkumar.kumundan/.m2/repository/org/apache/maven/maven-core/3.0/maven-core-3.0.jar:/home/rajkumar.kumundan/.m2/repository/org/apache/maven/maven-settings/3.0/maven-settings-3.0.jar:/home/rajkumar.kumundan/.m2/repository/org/apache/maven/maven-settings-builder/3.0/maven-settings-builder-3.0.jar:/home/rajkumar.kumundan/.m2/repository/org/apache/maven/maven-repository-metadata/3.0/maven-repository-metadata-3.0.jar:/home/rajkumar.kumundan/.m2/repository/org/apache/maven/maven-model-builder/3.0/maven-model-builder-3.0.jar:/home/rajkumar.kumundan/.m2/repository/org/apache/maven/maven-aether-provider/3.0/maven-aether-provider-3.0.jar:/home/rajkumar.kumundan/.m2/repository/org/sonatype/aether/aether-impl/1.7/aether-impl-1.7.jar:/home/rajkumar.kumundan/.m2/repository/org/sonatype/aether/aether-spi/1.7/aether-spi-1.7.jar:/home/rajkumar.kumundan/.m2/repository/org/sonatype/aether/aether-api/1.7/aether-api-1.7.jar:/home/rajkumar.kumundan/.m2/repository/org/sonatype/aether/aether-util/1.7/aether-util-1.7.jar:/home/rajkumar.kumundan/.m2/repository/org/codehaus/plexus/plexus-interpolation/1.14/plexus-interpolation-1.14.jar:/home/rajkumar.kumundan/.m2/repository/org/codehaus/plexus/plexus-classworlds/2.2.3/plexus-classworlds-2.2.3.jar:/home/rajkumar.kumundan/.m2/repository/org/codehaus/plexus/plexus-component-annotations/1.5.5/plexus-component-annotations-1.5.5.jar:/home/rajkumar.kumundan/.m2/repository/org/sonatype/plexus/plexus-sec-dispatcher/1.3/plexus-sec-dispatcher-1.3.jar:/home/rajkumar.kumundan/.m2/repository/org/sonatype/plexus/plexus-cipher/1.4/plexus-cipher-1.4.jar:/home/rajkumar.kumundan/.m2/repository/org/apache/maven/shared/maven-shared-utils/3.1.0/maven-shared-utils-3.1.0.jar:/home/rajkumar.kumundan/.m2/repository/commons-io/commons-io/2.5/commons-io-2.5.jar:/home/rajkumar.kumundan/.m2/repository/org/apache/maven/shared/maven-shared-incremental/1.1/maven-shared-incremental-1.1.jar:/home/rajkumar.kumundan/.m2/repository/org/codehaus/plexus/plexus-java/0.9.2/plexus-java-0.9.2.jar:/home/rajkumar.kumundan/.m2/repository/org/ow2/asm/asm/6.0_BETA/asm-6.0_BETA.jar:/home/rajkumar.kumundan/.m2/repository/com/thoughtworks/qdox/qdox/2.0-M7/qdox-2.0-M7.jar:/home/rajkumar.kumundan/.m2/repository/org/codehaus/plexus/plexus-compiler-api/2.8.2/plexus-compiler-api-2.8.2.jar:/home/rajkumar.kumundan/.m2/repository/org/codehaus/plexus/plexus-compiler-manager/2.8.2/plexus-compiler-manager-2.8.2.jar:/home/rajkumar.kumundan/.m2/repository/org/codehaus/plexus/plexus-compiler-javac/2.8.2/plexus-compiler-javac-2.8.2.jar:/home/rajkumar.kumundan/.m2/repository/org/seleniumhq/selenium/selenium-java/3.12.0/selenium-java-3.12.0.jar:/home/rajkumar.kumundan/.m2/repository/org/seleniumhq/selenium/selenium-api/3.12.0/selenium-api-3.12.0.jar:/home/rajkumar.kumundan/.m2/repository/org/seleniumhq/selenium/selenium-chrome-driver/3.12.0/selenium-chrome-driver-3.12.0.jar:/home/rajkumar.kumundan/.m2/repository/org/seleniumhq/selenium/selenium-edge-driver/3.12.0/selenium-edge-driver-3.12.0.jar:/home/rajkumar.kumundan/.m2/repository/org/seleniumhq/selenium/selenium-firefox-driver/3.12.0/selenium-firefox-driver-3.12.0.jar:/home/rajkumar.kumundan/.m2/repository/org/seleniumhq/selenium/selenium-ie-driver/3.12.0/selenium-ie-driver-3.12.0.jar:/home/rajkumar.kumundan/.m2/repository/org/seleniumhq/selenium/selenium-opera-driver/3.12.0/selenium-opera-driver-3.12.0.jar:/home/rajkumar.kumundan/.m2/repository/org/seleniumhq/selenium/selenium-remote-driver/3.12.0/selenium-remote-driver-3.12.0.jar:/home/rajkumar.kumundan/.m2/repository/org/seleniumhq/selenium/selenium-safari-driver/3.12.0/selenium-safari-driver-3.12.0.jar:/home/rajkumar.kumundan/.m2/repository/org/seleniumhq/selenium/selenium-support/3.12.0/selenium-support-3.12.0.jar:/home/rajkumar.kumundan/.m2/repository/net/bytebuddy/byte-buddy/1.8.3/byte-buddy-1.8.3.jar:/home/rajkumar.kumundan/.m2/repository/org/apache/commons/commons-exec/1.3/commons-exec-1.3.jar:/home/rajkumar.kumundan/.m2/repository/commons-codec/commons-codec/1.10/commons-codec-1.10.jar:/home/rajkumar.kumundan/.m2/repository/commons-logging/commons-logging/1.2/commons-logging-1.2.jar:/home/rajkumar.kumundan/.m2/repository/com/google/code/gson/gson/2.8.2/gson-2.8.2.jar:/home/rajkumar.kumundan/.m2/repository/com/google/guava/guava/23.6-jre/guava-23.6-jre.jar:/home/rajkumar.kumundan/.m2/repository/com/google/code/findbugs/jsr305/1.3.9/jsr305-1.3.9.jar:/home/rajkumar.kumundan/.m2/repository/org/checkerframework/checker-compat-qual/2.0.0/checker-compat-qual-2.0.0.jar:/home/rajkumar.kumundan/.m2/repository/com/google/errorprone/error_prone_annotations/2.1.3/error_prone_annotations-2.1.3.jar:/home/rajkumar.kumundan/.m2/repository/com/google/j2objc/j2objc-annotations/1.1/j2objc-annotations-1.1.jar:/home/rajkumar.kumundan/.m2/repository/org/codehaus/mojo/animal-sniffer-annotations/1.14/animal-sniffer-annotations-1.14.jar:/home/rajkumar.kumundan/.m2/repository/org/apache/httpcomponents/httpclient/4.5.3/httpclient-4.5.3.jar:/home/rajkumar.kumundan/.m2/repository/org/apache/httpcomponents/httpcore/4.4.6/httpcore-4.4.6.jar:/home/rajkumar.kumundan/.m2/repository/com/squareup/okhttp3/okhttp/3.9.1/okhttp-3.9.1.jar:/home/rajkumar.kumundan/.m2/repository/com/squareup/okio/okio/1.13.0/okio-1.13.0.jar:/home/rajkumar.kumundan/.m2/repository/info/cukes/cucumber-html/0.2.3/cucumber-html-0.2.3.jar:/home/rajkumar.kumundan/.m2/repository/info/cukes/cucumber-java/1.2.5/cucumber-java-1.2.5.jar:/home/rajkumar.kumundan/.m2/repository/info/cukes/cucumber-junit/1.2.5/cucumber-junit-1.2.5.jar:/home/rajkumar.kumundan/.m2/repository/info/cukes/cucumber-core/1.2.5/cucumber-core-1.2.5.jar:/home/rajkumar.kumundan/.m2/repository/info/cukes/cucumber-jvm-deps/1.0.5/cucumber-jvm-deps-1.0.5.jar:/home/rajkumar.kumundan/.m2/repository/info/cukes/gherkin/2.12.2/gherkin-2.12.2.jar:"/>
    <property name="sun.cpu.endian" value="little"/>
    <property name="user.home" value="/home/rajkumar.kumundan"/>
    <property name="user.language" value="en"/>
    <property name="java.specification.vendor" value="Oracle Corporation"/>
    <property name="java.home" value="/usr/lib/jvm/java-8-oracle/jre"/>
    <property name="basedir" value="/home/rajkumar.kumundan/git/Geneity"/>
    <property name="file.separator" value="/"/>
    <property name="line.separator" value="&#10;"/>
    <property name="java.vm.specification.vendor" value="Oracle Corporation"/>
    <property name="java.specification.name" value="Java Platform API Specification"/>
    <property name="java.awt.graphicsenv" value="sun.awt.X11GraphicsEnvironment"/>
    <property name="surefire.real.class.path" value="/home/rajkumar.kumundan/git/Geneity/target/surefire/surefirebooter1062006844678783492.jar"/>
    <property name="sun.boot.class.path" value="/usr/lib/jvm/java-8-oracle/jre/lib/resources.jar:/usr/lib/jvm/java-8-oracle/jre/lib/rt.jar:/usr/lib/jvm/java-8-oracle/jre/lib/sunrsasign.jar:/usr/lib/jvm/java-8-oracle/jre/lib/jsse.jar:/usr/lib/jvm/java-8-oracle/jre/lib/jce.jar:/usr/lib/jvm/java-8-oracle/jre/lib/charsets.jar:/usr/lib/jvm/java-8-oracle/jre/lib/jfr.jar:/usr/lib/jvm/java-8-oracle/jre/classes"/>
    <property name="sun.management.compiler" value="HotSpot 64-Bit Tiered Compilers"/>
    <property name="java.runtime.version" value="1.8.0_181-b13"/>
    <property name="user.name" value="rajkumar.kumundan"/>
    <property name="path.separator" value=":"/>
    <property name="os.version" value="4.4.0-133-generic"/>
    <property name="java.endorsed.dirs" value="/usr/lib/jvm/java-8-oracle/jre/lib/endorsed"/>
    <property name="java.runtime.name" value="Java(TM) SE Runtime Environment"/>
    <property name="file.encoding" value="UTF-8"/>
    <property name="java.vm.name" value="Java HotSpot(TM) 64-Bit Server VM"/>
    <property name="localRepository" value="/home/rajkumar.kumundan/.m2/repository"/>
    <property name="java.vendor.url.bug" value="http://bugreport.sun.com/bugreport/"/>
    <property name="java.io.tmpdir" value="/tmp"/>
    <property name="java.version" value="1.8.0_181"/>
    <property name="user.dir" value="/home/rajkumar.kumundan/git/Geneity"/>
    <property name="os.arch" value="amd64"/>
    <property name="java.vm.specification.name" value="Java Virtual Machine Specification"/>
    <property name="java.awt.printerjob" value="sun.print.PSPrinterJob"/>
    <property name="sun.os.patch.level" value="unknown"/>
    <property name="java.library.path" value="/usr/java/packages/lib/amd64:/usr/lib64:/lib64:/lib:/usr/lib"/>
    <property name="java.vm.info" value="mixed mode"/>
    <property name="java.vendor" value="Oracle Corporation"/>
    <property name="java.vm.version" value="25.181-b13"/>
    <property name="java.ext.dirs" value="/usr/lib/jvm/java-8-oracle/jre/lib/ext:/usr/java/packages/lib/ext"/>
    <property name="sun.io.unicode.encoding" value="UnicodeLittle"/>
    <property name="java.class.version" value="52.0"/>
  </properties>
  <testcase name="Given unsigned in user opens the genity url in chrome web browser" classname="| rajqa | g3n31ty123 |" time="0.001"/>
  <testcase name="When unsigned in user should be able to see the page" classname="| rajqa | g3n31ty123 |" time="0"/>
  <testcase name="Then unsigned in user should be able to enter &quot;rajqa&quot; and &quot;g3n31ty123&quot;" classname="| rajqa | g3n31ty123 |" time="0.005">
    <error type="java.lang.NullPointerException">java.lang.NullPointerException
</error>
  </testcase>
  <testcase name="| rajqa | g3n31ty123 |" classname="| rajqa | g3n31ty123 |" time="0.005">
    <error type="java.lang.NullPointerException">java.lang.NullPointerException
</error>
  </testcase>
  <testcase name="And unsigned in user submits the form" classname="| rajqa | g3n31ty123 |" time="0">
    <skipped/>
  </testcase>
  <testcase name="And unsigned in user closes the browser" classname="| rajqa | g3n31ty123 |" time="0">
    <skipped/>
  </testcase>
</testsuite>